{"E:\\frank\\Documents\\Programacion\\Udemy\\React y TypeScript\\Administrador de Productos PERN\\rest_api_node_ts_server\\src\\router.ts": {"path":"E:\\frank\\Documents\\Programacion\\Udemy\\React y TypeScript\\Administrador de Productos PERN\\rest_api_node_ts_server\\src\\router.ts","statementMap":{"0":{"start":{"line":1,"column":0},"end":{"line":1,"column":32}},"1":{"start":{"line":2,"column":0},"end":{"line":2,"column":130}},"2":{"start":{"line":3,"column":0},"end":{"line":3,"column":47}},"3":{"start":{"line":4,"column":0},"end":{"line":4,"column":48}},"4":{"start":{"line":6,"column":15},"end":{"line":6,"column":23}},"5":{"start":{"line":9,"column":0},"end":{"line":9,"column":null}},"6":{"start":{"line":11,"column":0},"end":{"line":16,"column":null}},"7":{"start":{"line":18,"column":0},"end":{"line":31,"column":null}},"8":{"start":{"line":27,"column":26},"end":{"line":27,"column":35}},"9":{"start":{"line":33,"column":0},"end":{"line":50,"column":null}},"10":{"start":{"line":43,"column":26},"end":{"line":43,"column":35}},"11":{"start":{"line":52,"column":0},"end":{"line":58,"column":null}},"12":{"start":{"line":60,"column":0},"end":{"line":66,"column":null}},"13":{"start":{"line":69,"column":0},"end":{"line":69,"column":null}}},"fnMap":{"0":{"name":"(anonymous_0)","decl":{"start":{"line":27,"column":17},"end":{"line":27,"column":22}},"loc":{"start":{"line":27,"column":26},"end":{"line":27,"column":35}}},"1":{"name":"(anonymous_1)","decl":{"start":{"line":43,"column":17},"end":{"line":43,"column":22}},"loc":{"start":{"line":43,"column":26},"end":{"line":43,"column":35}}}},"branchMap":{},"s":{"0":2,"1":2,"2":2,"3":2,"4":2,"5":2,"6":2,"7":2,"8":4,"9":2,"10":5,"11":2,"12":2,"13":2},"f":{"0":4,"1":5},"b":{}}
,"E:\\frank\\Documents\\Programacion\\Udemy\\React y TypeScript\\Administrador de Productos PERN\\rest_api_node_ts_server\\src\\server.ts": {"path":"E:\\frank\\Documents\\Programacion\\Udemy\\React y TypeScript\\Administrador de Productos PERN\\rest_api_node_ts_server\\src\\server.ts","statementMap":{"0":{"start":{"line":8,"column":0},"end":{"line":8,"column":7}},"1":{"start":{"line":2,"column":0},"end":{"line":2,"column":30}},"2":{"start":{"line":3,"column":0},"end":{"line":3,"column":30}},"3":{"start":{"line":4,"column":0},"end":{"line":4,"column":29}},"4":{"start":{"line":5,"column":0},"end":{"line":5,"column":28}},"5":{"start":{"line":9,"column":4},"end":{"line":18,"column":5}},"6":{"start":{"line":11,"column":8},"end":{"line":11,"column":32}},"7":{"start":{"line":12,"column":8},"end":{"line":12,"column":null}},"8":{"start":{"line":17,"column":8},"end":{"line":17,"column":null}},"9":{"start":{"line":21,"column":0},"end":{"line":21,"column":null}},"10":{"start":{"line":24,"column":15},"end":{"line":24,"column":24}},"11":{"start":{"line":27,"column":0},"end":{"line":27,"column":null}},"12":{"start":{"line":29,"column":0},"end":{"line":29,"column":null}},"13":{"start":{"line":31,"column":0},"end":{"line":33,"column":null}},"14":{"start":{"line":32,"column":4},"end":{"line":32,"column":null}},"15":{"start":{"line":36,"column":0},"end":{"line":36,"column":null}}},"fnMap":{"0":{"name":"connectDB","decl":{"start":{"line":8,"column":23},"end":{"line":8,"column":32}},"loc":{"start":{"line":8,"column":32},"end":{"line":19,"column":1}}},"1":{"name":"(anonymous_2)","decl":{"start":{"line":31,"column":20},"end":{"line":31,"column":21}},"loc":{"start":{"line":31,"column":34},"end":{"line":33,"column":1}}}},"branchMap":{},"s":{"0":2,"1":2,"2":2,"3":2,"4":2,"5":3,"6":3,"7":2,"8":1,"9":2,"10":2,"11":2,"12":2,"13":2,"14":1,"15":2},"f":{"0":3,"1":1},"b":{}}
,"E:\\frank\\Documents\\Programacion\\Udemy\\React y TypeScript\\Administrador de Productos PERN\\rest_api_node_ts_server\\src\\config\\db.ts": {"path":"E:\\frank\\Documents\\Programacion\\Udemy\\React y TypeScript\\Administrador de Productos PERN\\rest_api_node_ts_server\\src\\config\\db.ts","statementMap":{"0":{"start":{"line":1,"column":0},"end":{"line":1,"column":49}},"1":{"start":{"line":2,"column":0},"end":{"line":2,"column":27}},"2":{"start":{"line":4,"column":0},"end":{"line":4,"column":null}},"3":{"start":{"line":6,"column":11},"end":{"line":8,"column":3}},"4":{"start":{"line":10,"column":0},"end":{"line":10,"column":null}}},"fnMap":{},"branchMap":{},"s":{"0":2,"1":2,"2":2,"3":2,"4":2},"f":{},"b":{}}
,"E:\\frank\\Documents\\Programacion\\Udemy\\React y TypeScript\\Administrador de Productos PERN\\rest_api_node_ts_server\\src\\handlers\\produc.ts": {"path":"E:\\frank\\Documents\\Programacion\\Udemy\\React y TypeScript\\Administrador de Productos PERN\\rest_api_node_ts_server\\src\\handlers\\produc.ts","statementMap":{"0":{"start":{"line":2,"column":0},"end":{"line":2,"column":45}},"1":{"start":{"line":4,"column":27},"end":{"line":22,"column":1}},"2":{"start":{"line":6,"column":4},"end":{"line":21,"column":5}},"3":{"start":{"line":8,"column":25},"end":{"line":14,"column":10}},"4":{"start":{"line":16,"column":8},"end":{"line":16,"column":null}},"5":{"start":{"line":17,"column":8},"end":{"line":17,"column":15}},"6":{"start":{"line":20,"column":8},"end":{"line":20,"column":null}},"7":{"start":{"line":4,"column":13},"end":{"line":4,"column":27}},"8":{"start":{"line":24,"column":30},"end":{"line":42,"column":1}},"9":{"start":{"line":26,"column":4},"end":{"line":41,"column":5}},"10":{"start":{"line":28,"column":23},"end":{"line":28,"column":33}},"11":{"start":{"line":29,"column":25},"end":{"line":29,"column":53}},"12":{"start":{"line":31,"column":8},"end":{"line":35,"column":9}},"13":{"start":{"line":32,"column":12},"end":{"line":34,"column":null}},"14":{"start":{"line":37,"column":8},"end":{"line":37,"column":null}},"15":{"start":{"line":40,"column":8},"end":{"line":40,"column":null}},"16":{"start":{"line":24,"column":13},"end":{"line":24,"column":30}},"17":{"start":{"line":44,"column":30},"end":{"line":57,"column":1}},"18":{"start":{"line":46,"column":4},"end":{"line":55,"column":5}},"19":{"start":{"line":48,"column":24},"end":{"line":48,"column":56}},"20":{"start":{"line":49,"column":8},"end":{"line":49,"column":null}},"21":{"start":{"line":53,"column":8},"end":{"line":53,"column":null}},"22":{"start":{"line":44,"column":13},"end":{"line":44,"column":30}},"23":{"start":{"line":59,"column":29},"end":{"line":77,"column":1}},"24":{"start":{"line":62,"column":19},"end":{"line":62,"column":29}},"25":{"start":{"line":63,"column":21},"end":{"line":63,"column":49}},"26":{"start":{"line":65,"column":4},"end":{"line":69,"column":5}},"27":{"start":{"line":66,"column":8},"end":{"line":68,"column":null}},"28":{"start":{"line":71,"column":4},"end":{"line":71,"column":null}},"29":{"start":{"line":74,"column":4},"end":{"line":74,"column":36}},"30":{"start":{"line":75,"column":4},"end":{"line":75,"column":26}},"31":{"start":{"line":59,"column":13},"end":{"line":59,"column":29}},"32":{"start":{"line":79,"column":34},"end":{"line":97,"column":1}},"33":{"start":{"line":82,"column":19},"end":{"line":82,"column":29}},"34":{"start":{"line":83,"column":21},"end":{"line":83,"column":49}},"35":{"start":{"line":85,"column":4},"end":{"line":89,"column":5}},"36":{"start":{"line":86,"column":8},"end":{"line":88,"column":null}},"37":{"start":{"line":92,"column":4},"end":{"line":92,"column":62}},"38":{"start":{"line":93,"column":4},"end":{"line":93,"column":26}},"39":{"start":{"line":94,"column":4},"end":{"line":94,"column":null}},"40":{"start":{"line":79,"column":13},"end":{"line":79,"column":34}},"41":{"start":{"line":99,"column":29},"end":{"line":115,"column":1}},"42":{"start":{"line":102,"column":19},"end":{"line":102,"column":29}},"43":{"start":{"line":103,"column":21},"end":{"line":103,"column":49}},"44":{"start":{"line":105,"column":4},"end":{"line":109,"column":5}},"45":{"start":{"line":106,"column":8},"end":{"line":108,"column":null}},"46":{"start":{"line":112,"column":4},"end":{"line":112,"column":null}},"47":{"start":{"line":113,"column":4},"end":{"line":113,"column":null}},"48":{"start":{"line":99,"column":13},"end":{"line":99,"column":29}}},"fnMap":{"0":{"name":"(anonymous_1)","decl":{"start":{"line":4,"column":27},"end":{"line":4,"column":32}},"loc":{"start":{"line":4,"column":70},"end":{"line":22,"column":1}}},"1":{"name":"(anonymous_2)","decl":{"start":{"line":24,"column":30},"end":{"line":24,"column":35}},"loc":{"start":{"line":24,"column":73},"end":{"line":42,"column":1}}},"2":{"name":"(anonymous_3)","decl":{"start":{"line":44,"column":30},"end":{"line":44,"column":35}},"loc":{"start":{"line":44,"column":72},"end":{"line":57,"column":1}}},"3":{"name":"(anonymous_4)","decl":{"start":{"line":59,"column":29},"end":{"line":59,"column":34}},"loc":{"start":{"line":59,"column":71},"end":{"line":77,"column":1}}},"4":{"name":"(anonymous_5)","decl":{"start":{"line":79,"column":34},"end":{"line":79,"column":39}},"loc":{"start":{"line":79,"column":76},"end":{"line":97,"column":1}}},"5":{"name":"(anonymous_6)","decl":{"start":{"line":99,"column":29},"end":{"line":99,"column":34}},"loc":{"start":{"line":99,"column":71},"end":{"line":115,"column":1}}}},"branchMap":{"0":{"loc":{"start":{"line":31,"column":8},"end":{"line":35,"column":9}},"type":"if","locations":[{"start":{"line":31,"column":8},"end":{"line":35,"column":9}}]},"1":{"loc":{"start":{"line":65,"column":4},"end":{"line":69,"column":5}},"type":"if","locations":[{"start":{"line":65,"column":4},"end":{"line":69,"column":5}}]},"2":{"loc":{"start":{"line":85,"column":4},"end":{"line":89,"column":5}},"type":"if","locations":[{"start":{"line":85,"column":4},"end":{"line":89,"column":5}}]},"3":{"loc":{"start":{"line":105,"column":4},"end":{"line":109,"column":5}},"type":"if","locations":[{"start":{"line":105,"column":4},"end":{"line":109,"column":5}}]}},"s":{"0":2,"1":2,"2":1,"3":1,"4":1,"5":1,"6":0,"7":2,"8":2,"9":2,"10":2,"11":2,"12":2,"13":1,"14":1,"15":0,"16":2,"17":2,"18":1,"19":1,"20":1,"21":0,"22":2,"23":2,"24":2,"25":2,"26":2,"27":1,"28":1,"29":1,"30":1,"31":2,"32":2,"33":2,"34":2,"35":2,"36":1,"37":1,"38":1,"39":1,"40":2,"41":2,"42":2,"43":2,"44":2,"45":1,"46":1,"47":1,"48":2},"f":{"0":1,"1":2,"2":1,"3":2,"4":2,"5":2},"b":{"0":[1],"1":[1],"2":[1],"3":[1]}}
,"E:\\frank\\Documents\\Programacion\\Udemy\\React y TypeScript\\Administrador de Productos PERN\\rest_api_node_ts_server\\src\\middleware\\index.ts": {"path":"E:\\frank\\Documents\\Programacion\\Udemy\\React y TypeScript\\Administrador de Productos PERN\\rest_api_node_ts_server\\src\\middleware\\index.ts","statementMap":{"0":{"start":{"line":2,"column":0},"end":{"line":2,"column":53}},"1":{"start":{"line":4,"column":33},"end":{"line":13,"column":1}},"2":{"start":{"line":6,"column":17},"end":{"line":6,"column":38}},"3":{"start":{"line":8,"column":4},"end":{"line":10,"column":5}},"4":{"start":{"line":9,"column":8},"end":{"line":9,"column":null}},"5":{"start":{"line":12,"column":4},"end":{"line":12,"column":11}},"6":{"start":{"line":4,"column":13},"end":{"line":4,"column":33}}},"fnMap":{"0":{"name":"(anonymous_0)","decl":{"start":{"line":4,"column":33},"end":{"line":4,"column":35}},"loc":{"start":{"line":4,"column":90},"end":{"line":13,"column":1}}}},"branchMap":{"0":{"loc":{"start":{"line":8,"column":4},"end":{"line":10,"column":5}},"type":"if","locations":[{"start":{"line":8,"column":4},"end":{"line":10,"column":5}}]}},"s":{"0":2,"1":2,"2":17,"3":17,"4":8,"5":9,"6":2},"f":{"0":17},"b":{"0":[8]}}
,"E:\\frank\\Documents\\Programacion\\Udemy\\React y TypeScript\\Administrador de Productos PERN\\rest_api_node_ts_server\\src\\models\\Product.model.ts": {"path":"E:\\frank\\Documents\\Programacion\\Udemy\\React y TypeScript\\Administrador de Productos PERN\\rest_api_node_ts_server\\src\\models\\Product.model.ts","statementMap":{"0":{"start":{"line":1,"column":0},"end":{"line":1,"column":82}},"1":{"start":{"line":8,"column":0},"end":{"line":18,"column":null}},"2":{"start":{"line":10,"column":12},"end":{"line":10,"column":null}},"3":{"start":{"line":13,"column":12},"end":{"line":13,"column":null}},"4":{"start":{"line":17,"column":12},"end":{"line":17,"column":null}},"5":{"start":{"line":8,"column":6},"end":{"line":18,"column":null}},"6":{"start":{"line":20,"column":0},"end":{"line":20,"column":null}}},"fnMap":{},"branchMap":{},"s":{"0":3,"1":3,"2":3,"3":3,"4":3,"5":3,"6":3},"f":{},"b":{}}
}
