TN:
SF:src\router.ts
FN:27,(anonymous_0)
FN:43,(anonymous_1)
FNF:2
FNH:2
FNDA:4,(anonymous_0)
FNDA:5,(anonymous_1)
DA:1,2
DA:2,2
DA:3,2
DA:4,2
DA:6,2
DA:9,2
DA:11,2
DA:18,2
DA:27,4
DA:33,2
DA:43,5
DA:52,2
DA:60,2
DA:69,2
LF:14
LH:14
BRF:0
BRH:0
end_of_record
TN:
SF:src\server.ts
FN:8,connectDB
FN:31,(anonymous_2)
FNF:2
FNH:2
FNDA:3,connectDB
FNDA:1,(anonymous_2)
DA:2,2
DA:3,2
DA:4,2
DA:5,2
DA:8,2
DA:9,3
DA:11,3
DA:12,2
DA:17,1
DA:21,2
DA:24,2
DA:27,2
DA:29,2
DA:31,2
DA:32,1
DA:36,2
LF:16
LH:16
BRF:0
BRH:0
end_of_record
TN:
SF:src\config\db.ts
FNF:0
FNH:0
DA:1,2
DA:2,2
DA:4,2
DA:6,2
DA:10,2
LF:5
LH:5
BRF:0
BRH:0
end_of_record
TN:
SF:src\handlers\produc.ts
FN:4,(anonymous_1)
FN:24,(anonymous_2)
FN:44,(anonymous_3)
FN:59,(anonymous_4)
FN:79,(anonymous_5)
FN:99,(anonymous_6)
FNF:6
FNH:6
FNDA:1,(anonymous_1)
FNDA:2,(anonymous_2)
FNDA:1,(anonymous_3)
FNDA:2,(anonymous_4)
FNDA:2,(anonymous_5)
FNDA:2,(anonymous_6)
DA:2,2
DA:4,2
DA:6,1
DA:8,1
DA:16,1
DA:17,1
DA:20,0
DA:24,2
DA:26,2
DA:28,2
DA:29,2
DA:31,2
DA:32,1
DA:37,1
DA:40,0
DA:44,2
DA:46,1
DA:48,1
DA:49,1
DA:53,0
DA:59,2
DA:62,2
DA:63,2
DA:65,2
DA:66,1
DA:71,1
DA:74,1
DA:75,1
DA:79,2
DA:82,2
DA:83,2
DA:85,2
DA:86,1
DA:92,1
DA:93,1
DA:94,1
DA:99,2
DA:102,2
DA:103,2
DA:105,2
DA:106,1
DA:112,1
DA:113,1
LF:43
LH:40
BRDA:31,0,0,1
BRDA:65,1,0,1
BRDA:85,2,0,1
BRDA:105,3,0,1
BRF:4
BRH:4
end_of_record
TN:
SF:src\middleware\index.ts
FN:4,(anonymous_0)
FNF:1
FNH:1
FNDA:17,(anonymous_0)
DA:2,2
DA:4,2
DA:6,17
DA:8,17
DA:9,8
DA:12,9
LF:6
LH:6
BRDA:8,0,0,8
BRF:1
BRH:1
end_of_record
TN:
SF:src\models\Product.model.ts
FNF:0
FNH:0
DA:1,3
DA:8,3
DA:10,3
DA:13,3
DA:17,3
DA:20,3
LF:6
LH:6
BRF:0
BRH:0
end_of_record
